<?xml version="1.0" encoding="UTF-8"?>
<!-- Generated by org.testng.reporters.JUnitReportReporter -->
<testsuite name="com.test.container.MapUse" tests="1" time="0.092" ignored="0" failures="0" timestamp="16 十月 2019 11:08:38 GMT" skipped="0" hostname="Vic-PC" errors="0">
  <testcase name="generate" time="0.092" classname="com.test.container.MapUse"/>
</testsuite> <!-- com.test.container.MapUse -->
